<?xml version="1.0" encoding="UTF-8"?>
<!-- Generated by org.testng.reporters.JUnitXMLReporter -->
<testsuite hostname="DESKTOP-SUDPR6H" ignored="0" name="CreateNewInstance" tests="1" failures="1" timestamp="17 Dec 2017 23:02:10 GMT" time="46.261" errors="0">
  <testcase name="CreateNewInstance" time="46.233" classname="test.CreateNewInstance">
    <failure type="java.lang.AssertionError" message="expected [true] but found [false]">
      <![CDATA[java.lang.AssertionError: expected [true] but found [false]
	at Pages.InstancePageObjects.VerifyInstanceCreation(InstancePageObjects.java:130)
	at test.CreateNewInstance.CreateNewInstance(CreateNewInstance.java:47)
... Removed 29 stack frames]]>
    </failure>
  </testcase> <!-- CreateNewInstance -->
</testsuite> <!-- CreateNewInstance -->
