<?xml version="1.0" encoding="UTF-8"?>
<testng-results total="1" passed="1" failed="0" skipped="0">
  <reporter-output>
  </reporter-output>
  <suite started-at="2018-01-05T03:37:53Z" name="test" finished-at="2018-01-05T03:38:22Z" duration-ms="28485">
    <groups>
    </groups>
    <test started-at="2018-01-05T03:37:53Z" name="testing" finished-at="2018-01-05T03:38:22Z" duration-ms="28485">
      <class name="test.CreateNewInstance">
        <test-method is-config="true" signature="startBrowser(java.lang.String, java.lang.String)[pri:0, instance:test.CreateNewInstance@595b007d]" started-at="2018-01-04T22:37:44Z" name="startBrowser" finished-at="2018-01-04T22:37:53Z" duration-ms="9287" status="PASS">
          <params>
            <param index="0">
              <value>
                <![CDATA[firefox]]>
              </value>
            </param>
            <param index="1">
              <value>
                <![CDATA[https://login.salesforce.com/]]>
              </value>
            </param>
          </params>
          <reporter-output>
          </reporter-output>
        </test-method> <!-- startBrowser -->
        <test-method is-config="true" signature="Login()[pri:0, instance:test.CreateNewInstance@595b007d]" started-at="2018-01-04T22:37:53Z" name="Login" finished-at="2018-01-04T22:37:55Z" duration-ms="1554" status="PASS">
          <reporter-output>
          </reporter-output>
        </test-method> <!-- Login -->
        <test-method signature="CreateNewInstance()[pri:0, instance:test.CreateNewInstance@595b007d]" started-at="2018-01-04T22:37:55Z" name="CreateNewInstance" finished-at="2018-01-04T22:38:21Z" duration-ms="26475" status="PASS">
          <reporter-output>
          </reporter-output>
        </test-method> <!-- CreateNewInstance -->
        <test-method is-config="true" signature="RefreshBrowser()[pri:0, instance:test.CreateNewInstance@595b007d]" started-at="2018-01-04T22:38:21Z" name="RefreshBrowser" finished-at="2018-01-04T22:38:22Z" duration-ms="438" status="PASS">
          <reporter-output>
          </reporter-output>
        </test-method> <!-- RefreshBrowser -->
      </class> <!-- test.CreateNewInstance -->
    </test> <!-- testing -->
  </suite> <!-- test -->
</testng-results>
