<?xml version="1.0" encoding="UTF-8"?>
<testng-results skipped="0" failed="0" ignored="0" total="1" passed="1">
  <reporter-output>
  </reporter-output>
  <suite name="Default suite" duration-ms="36392" started-at="2017-12-31T02:21:28Z" finished-at="2017-12-31T02:22:05Z">
    <groups>
    </groups>
    <test name="Default test" duration-ms="36392" started-at="2017-12-31T02:21:28Z" finished-at="2017-12-31T02:22:05Z">
      <class name="test.CreateNewInstance">
        <test-method status="PASS" signature="CreateNewInstance()[pri:0, instance:test.CreateNewInstance@3ffc5af1]" name="CreateNewInstance" duration-ms="36360" started-at="2017-12-30T21:21:28Z" finished-at="2017-12-30T21:22:05Z">
          <reporter-output>
          </reporter-output>
        </test-method> <!-- CreateNewInstance -->
      </class> <!-- test.CreateNewInstance -->
    </test> <!-- Default test -->
  </suite> <!-- Default suite -->
</testng-results>
